[0.015s] Invoking command in '/home/marzuq/cafe_robot_ws/build/cafe_robot': CMAKE_PREFIX_PATH=/opt/ros/humble /usr/bin/cmake /home/marzuq/cafe_robot_ws/src/cafe_robot -DCMAKE_INSTALL_PREFIX=/home/marzuq/cafe_robot_ws/install/cafe_robot
[0.033s] -- Found ament_cmake: 1.3.11 (/opt/ros/humble/share/ament_cmake/cmake)
[0.205s] -- Found rclpy: 3.3.15 (/opt/ros/humble/share/rclpy/cmake)
[0.219s] [31mCMake Error at CMakeLists.txt:11 (find_package):
[0.219s]   By not providing "Findnav2_msgs.cmake" in CMAKE_MODULE_PATH this project
[0.219s]   has asked CMake to find a package configuration file provided by
[0.219s]   "nav2_msgs", but CMake did not find one.
[0.219s] 
[0.219s]   Could not find a package configuration file provided by "nav2_msgs" with
[0.219s]   any of the following names:
[0.219s] 
[0.220s]     nav2_msgsConfig.cmake
[0.220s]     nav2_msgs-config.cmake
[0.220s] 
[0.220s]   Add the installation prefix of "nav2_msgs" to CMAKE_PREFIX_PATH or set
[0.220s]   "nav2_msgs_DIR" to a directory containing one of the above files.  If
[0.220s]   "nav2_msgs" provides a separate development package or SDK, be sure it has
[0.220s]   been installed.
[0.220s] 
[0.220s] [0m
[0.220s] -- Configuring incomplete, errors occurred!
[0.220s] See also "/home/marzuq/cafe_robot_ws/build/cafe_robot/CMakeFiles/CMakeOutput.log".
[0.223s] Invoked command in '/home/marzuq/cafe_robot_ws/build/cafe_robot' returned '1': CMAKE_PREFIX_PATH=/opt/ros/humble /usr/bin/cmake /home/marzuq/cafe_robot_ws/src/cafe_robot -DCMAKE_INSTALL_PREFIX=/home/marzuq/cafe_robot_ws/install/cafe_robot
