[0.519s] DEBUG:colcon:Command line arguments: ['/usr/bin/colcon', 'list', '-p', '--base-paths', '/home/marzuq/cafe_robot_ws']
[0.519s] DEBUG:colcon:Parsed command line arguments: Namespace(log_base=None, log_level=None, verb_name='list', build_base='build', ignore_user_meta=False, metas=['./colcon.meta'], base_paths=['/home/marzuq/cafe_robot_ws'], packages_ignore=None, packages_ignore_regex=None, paths=None, packages_up_to=None, packages_up_to_regex=None, packages_above=None, packages_above_and_dependencies=None, packages_above_depth=None, packages_select_by_dep=None, packages_skip_by_dep=None, packages_skip_up_to=None, packages_select_build_failed=False, packages_skip_build_finished=False, packages_select_test_failures=False, packages_skip_test_passed=False, packages_select=None, packages_skip=None, packages_select_regex=None, packages_skip_regex=None, packages_start=None, packages_end=None, allow_overriding=[], topological_order=False, names_only=False, paths_only=True, topological_graph=False, topological_graph_dot=False, topological_graph_density=False, topological_graph_legend=False, topological_graph_dot_cluster=False, topological_graph_dot_include_skipped=False, mixin_files=None, mixin=None, verb_parser=<colcon_mixin.mixin.mixin_argument.MixinArgumentDecorator object at 0x7b34f9205810>, verb_extension=<colcon_package_information.verb.list.ListVerb object at 0x7b34f9309c30>, main=<bound method ListVerb.main of <colcon_package_information.verb.list.ListVerb object at 0x7b34f9309c30>>, mixin_verb=('list',))
[2.201s] Level 1:colcon.colcon_core.package_discovery:discover_packages(colcon_meta) check parameters
[2.201s] Level 1:colcon.colcon_core.package_discovery:discover_packages(recursive) check parameters
[2.201s] Level 1:colcon.colcon_core.package_discovery:discover_packages(ignore) check parameters
[2.201s] Level 1:colcon.colcon_core.package_discovery:discover_packages(path) check parameters
[2.201s] Level 1:colcon.colcon_core.package_discovery:discover_packages(recursive) discover
[2.201s] INFO:colcon.colcon_core.package_discovery:Crawling recursively for packages in '/home/marzuq/cafe_robot_ws'
[2.202s] Level 1:colcon.colcon_core.package_identification:_identify(/home/marzuq/cafe_robot_ws) by extensions ['ignore', 'ignore_ament_install']
[2.202s] Level 1:colcon.colcon_core.package_identification:_identify(/home/marzuq/cafe_robot_ws) by extension 'ignore'
[2.205s] Level 1:colcon.colcon_core.package_identification:_identify(/home/marzuq/cafe_robot_ws) by extension 'ignore_ament_install'
[2.213s] Level 1:colcon.colcon_core.package_identification:_identify(/home/marzuq/cafe_robot_ws) by extensions ['colcon_pkg']
[2.213s] Level 1:colcon.colcon_core.package_identification:_identify(/home/marzuq/cafe_robot_ws) by extension 'colcon_pkg'
[2.231s] Level 1:colcon.colcon_core.package_identification:_identify(/home/marzuq/cafe_robot_ws) by extensions ['colcon_meta']
[2.231s] Level 1:colcon.colcon_core.package_identification:_identify(/home/marzuq/cafe_robot_ws) by extension 'colcon_meta'
[2.231s] Level 1:colcon.colcon_core.package_identification:_identify(/home/marzuq/cafe_robot_ws) by extensions ['ros']
[2.231s] Level 1:colcon.colcon_core.package_identification:_identify(/home/marzuq/cafe_robot_ws) by extension 'ros'
[2.460s] Level 1:colcon.colcon_core.package_identification:_identify(/home/marzuq/cafe_robot_ws) by extensions ['cmake', 'python']
[2.460s] Level 1:colcon.colcon_core.package_identification:_identify(/home/marzuq/cafe_robot_ws) by extension 'cmake'
[2.471s] Level 1:colcon.colcon_core.package_identification:_identify(/home/marzuq/cafe_robot_ws) by extension 'python'
[2.471s] Level 1:colcon.colcon_core.package_identification:_identify(/home/marzuq/cafe_robot_ws) by extensions ['python_setup_py']
[2.472s] Level 1:colcon.colcon_core.package_identification:_identify(/home/marzuq/cafe_robot_ws) by extension 'python_setup_py'
[2.472s] Level 1:colcon.colcon_core.package_identification:_identify(/home/marzuq/cafe_robot_ws/build) by extensions ['ignore', 'ignore_ament_install']
[2.472s] Level 1:colcon.colcon_core.package_identification:_identify(/home/marzuq/cafe_robot_ws/build) by extension 'ignore'
[2.472s] Level 1:colcon.colcon_core.package_identification:_identify(/home/marzuq/cafe_robot_ws/build) ignored
[2.473s] Level 1:colcon.colcon_core.package_identification:_identify(/home/marzuq/cafe_robot_ws/install) by extensions ['ignore', 'ignore_ament_install']
[2.473s] Level 1:colcon.colcon_core.package_identification:_identify(/home/marzuq/cafe_robot_ws/install) by extension 'ignore'
[2.473s] Level 1:colcon.colcon_core.package_identification:_identify(/home/marzuq/cafe_robot_ws/install) ignored
[2.473s] Level 1:colcon.colcon_core.package_identification:_identify(/home/marzuq/cafe_robot_ws/log) by extensions ['ignore', 'ignore_ament_install']
[2.473s] Level 1:colcon.colcon_core.package_identification:_identify(/home/marzuq/cafe_robot_ws/log) by extension 'ignore'
[2.474s] Level 1:colcon.colcon_core.package_identification:_identify(/home/marzuq/cafe_robot_ws/log) ignored
[2.487s] Level 1:colcon.colcon_core.package_identification:_identify(/home/marzuq/cafe_robot_ws/src) by extensions ['ignore', 'ignore_ament_install']
[2.488s] Level 1:colcon.colcon_core.package_identification:_identify(/home/marzuq/cafe_robot_ws/src) by extension 'ignore'
[2.488s] Level 1:colcon.colcon_core.package_identification:_identify(/home/marzuq/cafe_robot_ws/src) by extension 'ignore_ament_install'
[2.488s] Level 1:colcon.colcon_core.package_identification:_identify(/home/marzuq/cafe_robot_ws/src) by extensions ['colcon_pkg']
[2.488s] Level 1:colcon.colcon_core.package_identification:_identify(/home/marzuq/cafe_robot_ws/src) by extension 'colcon_pkg'
[2.488s] Level 1:colcon.colcon_core.package_identification:_identify(/home/marzuq/cafe_robot_ws/src) by extensions ['colcon_meta']
[2.488s] Level 1:colcon.colcon_core.package_identification:_identify(/home/marzuq/cafe_robot_ws/src) by extension 'colcon_meta'
[2.488s] Level 1:colcon.colcon_core.package_identification:_identify(/home/marzuq/cafe_robot_ws/src) by extensions ['ros']
[2.488s] Level 1:colcon.colcon_core.package_identification:_identify(/home/marzuq/cafe_robot_ws/src) by extension 'ros'
[2.489s] Level 1:colcon.colcon_core.package_identification:_identify(/home/marzuq/cafe_robot_ws/src) by extensions ['cmake', 'python']
[2.489s] Level 1:colcon.colcon_core.package_identification:_identify(/home/marzuq/cafe_robot_ws/src) by extension 'cmake'
[2.489s] Level 1:colcon.colcon_core.package_identification:_identify(/home/marzuq/cafe_robot_ws/src) by extension 'python'
[2.489s] Level 1:colcon.colcon_core.package_identification:_identify(/home/marzuq/cafe_robot_ws/src) by extensions ['python_setup_py']
[2.489s] Level 1:colcon.colcon_core.package_identification:_identify(/home/marzuq/cafe_robot_ws/src) by extension 'python_setup_py'
[2.489s] Level 1:colcon.colcon_core.package_identification:_identify(/home/marzuq/cafe_robot_ws/src/cafe_robot) by extensions ['ignore', 'ignore_ament_install']
[2.489s] Level 1:colcon.colcon_core.package_identification:_identify(/home/marzuq/cafe_robot_ws/src/cafe_robot) by extension 'ignore'
[2.490s] Level 1:colcon.colcon_core.package_identification:_identify(/home/marzuq/cafe_robot_ws/src/cafe_robot) by extension 'ignore_ament_install'
[2.490s] Level 1:colcon.colcon_core.package_identification:_identify(/home/marzuq/cafe_robot_ws/src/cafe_robot) by extensions ['colcon_pkg']
[2.490s] Level 1:colcon.colcon_core.package_identification:_identify(/home/marzuq/cafe_robot_ws/src/cafe_robot) by extension 'colcon_pkg'
[2.490s] Level 1:colcon.colcon_core.package_identification:_identify(/home/marzuq/cafe_robot_ws/src/cafe_robot) by extensions ['colcon_meta']
[2.490s] Level 1:colcon.colcon_core.package_identification:_identify(/home/marzuq/cafe_robot_ws/src/cafe_robot) by extension 'colcon_meta'
[2.490s] Level 1:colcon.colcon_core.package_identification:_identify(/home/marzuq/cafe_robot_ws/src/cafe_robot) by extensions ['ros']
[2.508s] Level 1:colcon.colcon_core.package_identification:_identify(/home/marzuq/cafe_robot_ws/src/cafe_robot) by extension 'ros'
[2.540s] DEBUG:colcon.colcon_core.package_identification:Package '/home/marzuq/cafe_robot_ws/src/cafe_robot' with type 'ros.ament_cmake' and name 'cafe_robot'
[2.541s] Level 1:colcon.colcon_core.package_discovery:discover_packages(recursive) using defaults
