[0.042s] Invoking command in '/home/marzuq/cafe_robot_ws/build/cafe_robot': CMAKE_PREFIX_PATH=/opt/ros/humble /usr/bin/cmake /home/marzuq/cafe_robot_ws/src/cafe_robot -DCMAKE_INSTALL_PREFIX=/home/marzuq/cafe_robot_ws/install/cafe_robot
[1.064s] -- The C compiler identification is GNU 11.4.0
[2.215s] -- The CXX compiler identification is GNU 11.4.0
[2.355s] -- Detecting C compiler ABI info
[2.640s] -- Detecting C compiler ABI info - done
[2.650s] -- Check for working C compiler: /usr/bin/cc - skipped
[2.651s] -- Detecting C compile features
[2.678s] -- Detecting C compile features - done
[2.720s] -- Detecting CXX compiler ABI info
[2.940s] -- Detecting CXX compiler ABI info - done
[2.953s] -- Check for working CXX compiler: /usr/bin/c++ - skipped
[2.954s] -- Detecting CXX compile features
[2.954s] -- Detecting CXX compile features - done
[3.009s] -- Found ament_cmake: 1.3.11 (/opt/ros/humble/share/ament_cmake/cmake)
[3.368s] -- Found Python3: /usr/bin/python3 (found version "3.10.12") found components: Interpreter 
[3.907s] -- Found rclpy: 3.3.15 (/opt/ros/humble/share/rclpy/cmake)
[3.991s] [31mCMake Error at CMakeLists.txt:11 (find_package):
[3.991s]   By not providing "Findnav2_msgs.cmake" in CMAKE_MODULE_PATH this project
[3.991s]   has asked CMake to find a package configuration file provided by
[3.992s]   "nav2_msgs", but CMake did not find one.
[3.992s] 
[3.992s]   Could not find a package configuration file provided by "nav2_msgs" with
[3.992s]   any of the following names:
[3.992s] 
[3.993s]     nav2_msgsConfig.cmake
[3.993s]     nav2_msgs-config.cmake
[3.993s] 
[3.993s]   Add the installation prefix of "nav2_msgs" to CMAKE_PREFIX_PATH or set
[3.993s]   "nav2_msgs_DIR" to a directory containing one of the above files.  If
[3.993s]   "nav2_msgs" provides a separate development package or SDK, be sure it has
[3.994s]   been installed.
[3.994s] 
[3.994s] [0m
[3.994s] -- Configuring incomplete, errors occurred!
[3.994s] See also "/home/marzuq/cafe_robot_ws/build/cafe_robot/CMakeFiles/CMakeOutput.log".
[3.999s] Invoked command in '/home/marzuq/cafe_robot_ws/build/cafe_robot' returned '1': CMAKE_PREFIX_PATH=/opt/ros/humble /usr/bin/cmake /home/marzuq/cafe_robot_ws/src/cafe_robot -DCMAKE_INSTALL_PREFIX=/home/marzuq/cafe_robot_ws/install/cafe_robot
